  lab5_main.cpp
e:\cs 250 programs\lab 05 - dynamic array wrapper\lab5_tester.hpp(147): warning C4101: 'ex': unreferenced local variable
e:\cs 250 programs\lab 05 - dynamic array wrapper\lab5_tester.hpp(207): warning C4101: 'ex': unreferenced local variable
e:\cs 250 programs\lab 05 - dynamic array wrapper\lab5_tester.hpp(947): warning C4101: 'ex': unreferenced local variable
e:\cs 250 programs\lab 05 - dynamic array wrapper\lab5_tester.hpp(1139): warning C4101: 'ex': unreferenced local variable
e:\cs 250 programs\lab 05 - dynamic array wrapper\lab5_tester.hpp(1167): warning C4101: 'ex': unreferenced local variable
e:\cs 250 programs\lab 05 - dynamic array wrapper\lab5_tester.hpp(1325): warning C4101: 'ex': unreferenced local variable
e:\cs 250 programs\lab 05 - dynamic array wrapper\lab5_tester.hpp(1353): warning C4101: 'ex': unreferenced local variable
lab5_main.obj : error LNK2019: unresolved external symbol "public: virtual __thiscall TesterBase::~TesterBase(void)" (??1TesterBase@@UAE@XZ) referenced in function __unwindfunclet$??0Tester@@QAE@XZ$0
lab5_main.obj : error LNK2019: unresolved external symbol "protected: void __thiscall TesterBase::StartTestSet(class std::basic_string<char,struct std::char_traits<char>,class std::allocator<char> > const &,class std::vector<class std::basic_string<char,struct std::char_traits<char>,class std::allocator<char> >,class std::allocator<class std::basic_string<char,struct std::char_traits<char>,class std::allocator<char> > > > const &)" (?StartTestSet@TesterBase@@IAEXABV?$basic_string@DU?$char_traits@D@std@@V?$allocator@D@2@@std@@ABV?$vector@V?$basic_string@DU?$char_traits@D@std@@V?$allocator@D@2@@std@@V?$allocator@V?$basic_string@DU?$char_traits@D@std@@V?$allocator@D@2@@std@@@2@@3@@Z) referenced in function "private: int __thiscall Tester::Test_AllocateMemory(void)" (?Test_AllocateMemory@Tester@@AAEHXZ)
lab5_main.obj : error LNK2019: unresolved external symbol "protected: void __thiscall TesterBase::FinishTestSet(void)" (?FinishTestSet@TesterBase@@IAEXXZ) referenced in function __catch$?Test_AllocateMemory@Tester@@AAEHXZ$0
lab5_main.obj : error LNK2019: unresolved external symbol "protected: void __thiscall TesterBase::FinishTest(void)" (?FinishTest@TesterBase@@IAEXXZ) referenced in function __catch$?Test_AllocateMemory@Tester@@AAEHXZ$0
lab5_main.obj : error LNK2019: unresolved external symbol "protected: void __thiscall TesterBase::StartTest(class std::basic_string<char,struct std::char_traits<char>,class std::allocator<char> > const &)" (?StartTest@TesterBase@@IAEXABV?$basic_string@DU?$char_traits@D@std@@V?$allocator@D@2@@std@@@Z) referenced in function __catch$?Test_AllocateMemory@Tester@@AAEHXZ$0
lab5_main.obj : error LNK2019: unresolved external symbol "protected: void __thiscall TesterBase::TestFail(void)" (?TestFail@TesterBase@@IAEXXZ) referenced in function __catch$?Test_AllocateMemory@Tester@@AAEHXZ$0
lab5_main.obj : error LNK2019: unresolved external symbol "protected: void __thiscall TesterBase::TestPass(void)" (?TestPass@TesterBase@@IAEXXZ) referenced in function __catch$?Test_AllocateMemory@Tester@@AAEHXZ$0
lab5_main.obj : error LNK2019: unresolved external symbol "protected: int __thiscall TesterBase::TestResult(void)" (?TestResult@TesterBase@@IAEHXZ) referenced in function __catch$?Test_AllocateMemory@Tester@@AAEHXZ$0
lab5_main.obj : error LNK2019: unresolved external symbol "protected: void __thiscall TesterBase::Set_ExpectedOutput(class std::basic_string<char,struct std::char_traits<char>,class std::allocator<char> > const &)" (?Set_ExpectedOutput@TesterBase@@IAEXABV?$basic_string@DU?$char_traits@D@std@@V?$allocator@D@2@@std@@@Z) referenced in function __catch$?Test_AllocateMemory@Tester@@AAEHXZ$0
lab5_main.obj : error LNK2019: unresolved external symbol "protected: void __thiscall TesterBase::Set_ExpectedOutput(class std::basic_string<char,struct std::char_traits<char>,class std::allocator<char> > const &,class std::basic_string<char,struct std::char_traits<char>,class std::allocator<char> > const &)" (?Set_ExpectedOutput@TesterBase@@IAEXABV?$basic_string@DU?$char_traits@D@std@@V?$allocator@D@2@@std@@0@Z) referenced in function __catch$?Test_AllocateMemory@Tester@@AAEHXZ$0
lab5_main.obj : error LNK2019: unresolved external symbol "protected: void __thiscall TesterBase::Set_ExpectedOutput(class std::basic_string<char,struct std::char_traits<char>,class std::allocator<char> > const &,int)" (?Set_ExpectedOutput@TesterBase@@IAEXABV?$basic_string@DU?$char_traits@D@std@@V?$allocator@D@2@@std@@H@Z) referenced in function "private: int __thiscall Tester::Test_Extend(void)" (?Test_Extend@Tester@@AAEHXZ)
lab5_main.obj : error LNK2019: unresolved external symbol "protected: void __thiscall TesterBase::Set_ExpectedOutput(class std::basic_string<char,struct std::char_traits<char>,class std::allocator<char> > const &,bool)" (?Set_ExpectedOutput@TesterBase@@IAEXABV?$basic_string@DU?$char_traits@D@std@@V?$allocator@D@2@@std@@_N@Z) referenced in function "private: int __thiscall Tester::Test_IsEmpty(void)" (?Test_IsEmpty@Tester@@AAEHXZ)
lab5_main.obj : error LNK2019: unresolved external symbol "protected: void __thiscall TesterBase::Set_ActualOutput(class std::basic_string<char,struct std::char_traits<char>,class std::allocator<char> > const &)" (?Set_ActualOutput@TesterBase@@IAEXABV?$basic_string@DU?$char_traits@D@std@@V?$allocator@D@2@@std@@@Z) referenced in function __catch$?Test_AllocateMemory@Tester@@AAEHXZ$0
lab5_main.obj : error LNK2019: unresolved external symbol "protected: void __thiscall TesterBase::Set_ActualOutput(class std::basic_string<char,struct std::char_traits<char>,class std::allocator<char> > const &,class std::basic_string<char,struct std::char_traits<char>,class std::allocator<char> > const &)" (?Set_ActualOutput@TesterBase@@IAEXABV?$basic_string@DU?$char_traits@D@std@@V?$allocator@D@2@@std@@0@Z) referenced in function __catch$?Test_AllocateMemory@Tester@@AAEHXZ$0
lab5_main.obj : error LNK2019: unresolved external symbol "protected: void __thiscall TesterBase::Set_ActualOutput(class std::basic_string<char,struct std::char_traits<char>,class std::allocator<char> > const &,int)" (?Set_ActualOutput@TesterBase@@IAEXABV?$basic_string@DU?$char_traits@D@std@@V?$allocator@D@2@@std@@H@Z) referenced in function "private: int __thiscall Tester::Test_Extend(void)" (?Test_Extend@Tester@@AAEHXZ)
lab5_main.obj : error LNK2019: unresolved external symbol "protected: void __thiscall TesterBase::Set_ActualOutput(class std::basic_string<char,struct std::char_traits<char>,class std::allocator<char> > const &,bool)" (?Set_ActualOutput@TesterBase@@IAEXABV?$basic_string@DU?$char_traits@D@std@@V?$allocator@D@2@@std@@_N@Z) referenced in function "private: int __thiscall Tester::Test_IsEmpty(void)" (?Test_IsEmpty@Tester@@AAEHXZ)
lab5_main.obj : error LNK2019: unresolved external symbol "protected: void __thiscall TesterBase::Set_Comments(class std::basic_string<char,struct std::char_traits<char>,class std::allocator<char> > const &)" (?Set_Comments@TesterBase@@IAEXABV?$basic_string@DU?$char_traits@D@std@@V?$allocator@D@2@@std@@@Z) referenced in function __catch$?Test_AllocateMemory@Tester@@AAEHXZ$0
E:\CS 250 Programs\Lab_5\Debug\Lab_5.exe : fatal error LNK1120: 17 unresolved externals
